------- FILE 8blit-s01e03-background.asm LEVEL 1 PASS 1
      1  0000					      processor	6502
      2  0000 ????
------- FILE vcs.h LEVEL 2 PASS 1
      0  0000 ????				      include	"vcs.h"
      1  0000 ????						; VCS.H
      2  0000 ????						; Version 1.06, 06/SEP/2020
      3  0000 ????
      4  0000 ????	       00 6a	   VERSION_VCS =	106
      5  0000 ????
      6  0000 ????						; THIS IS *THE* "STANDARD" VCS.H
      7  0000 ????						; THIS FILE IS EXPLICITLY SUPPORTED AS A DASM-PREFERRED COMPANION FILE
      8  0000 ????						; The latest version can be found at https://dasm-assembler.github.io/
      9  0000 ????						;
     10  0000 ????						; This file defines hardware registers and memory mapping for the
     11  0000 ????						; Atari 2600. It is distributed as a companion machine-specific support package
     12  0000 ????						; for the DASM compiler. Updates to this file, DASM, and associated tools are
     13  0000 ????						; available at at https://dasm-assembler.github.io/
     14  0000 ????						;
     15  0000 ????						; Many thanks to the people who have contributed. If you find an issue with the
     16  0000 ????						; contents, or would like ot add something, please report as an issue at...
     17  0000 ????						; https://github.com/dasm-assembler/dasm/issues
     18  0000 ????
     19  0000 ????						;
     20  0000 ????						; Latest Revisions...
     21  0000 ????						; 1.06  05/SEP/2020	 Modified header/license and links to new versions
     22  0000 ????						; 1.05  13/NOV/2003	  - Correction to 1.04 - now functions as requested by MR.
     23  0000 ????						;			  - Added VERSION_VCS equate (which will reflect 100x version #)
     24  0000 ????						;			    This will allow conditional code to verify VCS.H being
     25  0000 ????						;			    used for code assembly.
     26  0000 ????						; 1.04  12/NOV/2003	 Added TIA_BASE_WRITE_ADDRESS and TIA_BASE_READ_ADDRESS for
     27  0000 ????						;			 convenient disassembly/reassembly compatibility for hardware
     28  0000 ????						;			 mirrored reading/writing differences.	This is more a 
     29  0000 ????						;			 readability issue, and binary compatibility with disassembled
     30  0000 ????						;			 and reassembled sources.  Per Manuel Rotschkar's suggestion.
     31  0000 ????						; 1.03  12/MAY/2003	 Added SEG segment at end of file to fix old-code compatibility
     32  0000 ????						;			 which was broken by the use of segments in this file, as
     33  0000 ????						;			 reported by Manuel Polik on [stella] 11/MAY/2003
     34  0000 ????						; 1.02  22/MAR/2003	 Added TIMINT($285)
     35  0000 ????						; 1.01				Constant offset added to allow use for 3F-style bankswitching
     36  0000 ????						;						 - define TIA_BASE_ADDRESS as $40 for Tigervision carts, otherwise
     37  0000 ????						;						   it is safe to leave it undefined, and the base address will
     38  0000 ????						;						   be set to 0.  Thanks to Eckhard Stolberg for the suggestion.
     39  0000 ????						;			    Note, may use -DLABEL=EXPRESSION to define TIA_BASE_ADDRESS
     40  0000 ????						;			  - register definitions are now generated through assignment
     41  0000 ????						;			    in uninitialised segments.	This allows a changeable base
     42  0000 ????						;			    address architecture.
     43  0000 ????						; 1.0	22/MAR/2003		Initial release
     44  0000 ????
     45  0000 ????
     46  0000 ????						;-------------------------------------------------------------------------------
     47  0000 ????
     48  0000 ????						; TIA_BASE_ADDRESS
     49  0000 ????						; The TIA_BASE_ADDRESS defines the base address of access to TIA registers.
     50  0000 ????						; Normally 0, the base address should (externally, before including this file)
     51  0000 ????						; be set to $40 when creating 3F-bankswitched (and other?) cartridges.
     52  0000 ????						; The reason is that this bankswitching scheme treats any access to locations
     53  0000 ????						; < $40 as a bankswitch.
     54  0000 ????
     55  0000 ????				      IFNCONST	TIA_BASE_ADDRESS
     56  0000 ????	       00 00	   TIA_BASE_ADDRESS =	0
     57  0000 ????				      ENDIF
     58  0000 ????
     59  0000 ????						; Note: The address may be defined on the command-line using the -D switch, eg:
     60  0000 ????						; dasm.exe code.asm -DTIA_BASE_ADDRESS=$40 -f3 -v5 -ocode.bin
     61  0000 ????						; *OR* by declaring the label before including this file, eg:
     62  0000 ????						; TIA_BASE_ADDRESS = $40
     63  0000 ????						;   include "vcs.h"
     64  0000 ????
     65  0000 ????						; Alternate read/write address capability - allows for some disassembly compatibility
     66  0000 ????						; usage ; to allow reassembly to binary perfect copies).  This is essentially catering
     67  0000 ????						; for the mirrored ROM hardware registers.
     68  0000 ????
     69  0000 ????						; Usage: As per above, define the TIA_BASE_READ_ADDRESS and/or TIA_BASE_WRITE_ADDRESS
     70  0000 ????						; using the -D command-line switch, as required.  If the addresses are not defined, 
     71  0000 ????						; they defaut to the TIA_BASE_ADDRESS.
     72  0000 ????
     73  0000 ????				      IFNCONST	TIA_BASE_READ_ADDRESS
     74  0000 ????	       00 00	   TIA_BASE_READ_ADDRESS =	TIA_BASE_ADDRESS
     75  0000 ????				      ENDIF
     76  0000 ????
     77  0000 ????				      IFNCONST	TIA_BASE_WRITE_ADDRESS
     78  0000 ????	       00 00	   TIA_BASE_WRITE_ADDRESS =	TIA_BASE_ADDRESS
     79  0000 ????				      ENDIF
     80  0000 ????
     81  0000 ????						;-------------------------------------------------------------------------------
     82  0000 ????
     83 U0000 ????				      SEG.U	TIA_REGISTERS_WRITE
     84 U0000					      ORG	TIA_BASE_WRITE_ADDRESS
     85 U0000
     86 U0000							; DO NOT CHANGE THE RELATIVE ORDERING OF REGISTERS!
     87 U0000
     88 U0000		       00	   VSYNC      ds	1	; $00	 0000 00x0   Vertical Sync Set-Clear
     89 U0001		       00	   VBLANK     ds	1	; $01	 xx00 00x0   Vertical Blank Set-Clear
     90 U0002		       00	   WSYNC      ds	1	; $02	 ---- ----   Wait for Horizontal Blank
     91 U0003		       00	   RSYNC      ds	1	; $03	 ---- ----   Reset Horizontal Sync Counter
     92 U0004		       00	   NUSIZ0     ds	1	; $04	 00xx 0xxx   Number-Size player/missle 0
     93 U0005		       00	   NUSIZ1     ds	1	; $05	 00xx 0xxx   Number-Size player/missle 1
     94 U0006		       00	   COLUP0     ds	1	; $06	 xxxx xxx0   Color-Luminance Player 0
     95 U0007		       00	   COLUP1     ds	1	; $07	 xxxx xxx0   Color-Luminance Player 1
     96 U0008		       00	   COLUPF     ds	1	; $08	 xxxx xxx0   Color-Luminance Playfield
     97 U0009		       00	   COLUBK     ds	1	; $09	 xxxx xxx0   Color-Luminance Background
     98 U000a		       00	   CTRLPF     ds	1	; $0A	 00xx 0xxx   Control Playfield, Ball, Collisions
     99 U000b		       00	   REFP0      ds	1	; $0B	 0000 x000   Reflection Player 0
    100 U000c		       00	   REFP1      ds	1	; $0C	 0000 x000   Reflection Player 1
    101 U000d		       00	   PF0	      ds	1	; $0D	 xxxx 0000   Playfield Register Byte 0
    102 U000e		       00	   PF1	      ds	1	; $0E	 xxxx xxxx   Playfield Register Byte 1
    103 U000f		       00	   PF2	      ds	1	; $0F	 xxxx xxxx   Playfield Register Byte 2
    104 U0010		       00	   RESP0      ds	1	; $10	 ---- ----   Reset Player 0
    105 U0011		       00	   RESP1      ds	1	; $11	 ---- ----   Reset Player 1
    106 U0012		       00	   RESM0      ds	1	; $12	 ---- ----   Reset Missle 0
    107 U0013		       00	   RESM1      ds	1	; $13	 ---- ----   Reset Missle 1
    108 U0014		       00	   RESBL      ds	1	; $14	 ---- ----   Reset Ball
    109 U0015		       00	   AUDC0      ds	1	; $15	 0000 xxxx   Audio Control 0
    110 U0016		       00	   AUDC1      ds	1	; $16	 0000 xxxx   Audio Control 1
    111 U0017		       00	   AUDF0      ds	1	; $17	 000x xxxx   Audio Frequency 0
    112 U0018		       00	   AUDF1      ds	1	; $18	 000x xxxx   Audio Frequency 1
    113 U0019		       00	   AUDV0      ds	1	; $19	 0000 xxxx   Audio Volume 0
    114 U001a		       00	   AUDV1      ds	1	; $1A	 0000 xxxx   Audio Volume 1
    115 U001b		       00	   GRP0       ds	1	; $1B	 xxxx xxxx   Graphics Register Player 0
    116 U001c		       00	   GRP1       ds	1	; $1C	 xxxx xxxx   Graphics Register Player 1
    117 U001d		       00	   ENAM0      ds	1	; $1D	 0000 00x0   Graphics Enable Missle 0
    118 U001e		       00	   ENAM1      ds	1	; $1E	 0000 00x0   Graphics Enable Missle 1
    119 U001f		       00	   ENABL      ds	1	; $1F	 0000 00x0   Graphics Enable Ball
    120 U0020		       00	   HMP0       ds	1	; $20	 xxxx 0000   Horizontal Motion Player 0
    121 U0021		       00	   HMP1       ds	1	; $21	 xxxx 0000   Horizontal Motion Player 1
    122 U0022		       00	   HMM0       ds	1	; $22	 xxxx 0000   Horizontal Motion Missle 0
    123 U0023		       00	   HMM1       ds	1	; $23	 xxxx 0000   Horizontal Motion Missle 1
    124 U0024		       00	   HMBL       ds	1	; $24	 xxxx 0000   Horizontal Motion Ball
    125 U0025		       00	   VDELP0     ds	1	; $25	 0000 000x   Vertical Delay Player 0
    126 U0026		       00	   VDELP1     ds	1	; $26	 0000 000x   Vertical Delay Player 1
    127 U0027		       00	   VDELBL     ds	1	; $27	 0000 000x   Vertical Delay Ball
    128 U0028		       00	   RESMP0     ds	1	; $28	 0000 00x0   Reset Missle 0 to Player 0
    129 U0029		       00	   RESMP1     ds	1	; $29	 0000 00x0   Reset Missle 1 to Player 1
    130 U002a		       00	   HMOVE      ds	1	; $2A	 ---- ----   Apply Horizontal Motion
    131 U002b		       00	   HMCLR      ds	1	; $2B	 ---- ----   Clear Horizontal Move Registers
    132 U002c		       00	   CXCLR      ds	1	; $2C	 ---- ----   Clear Collision Latches
    133 U002d
    134 U002d							;-------------------------------------------------------------------------------
    135 U002d
    136 U0000 ????				      SEG.U	TIA_REGISTERS_READ
    137 U0000					      ORG	TIA_BASE_READ_ADDRESS
    138 U0000
    139 U0000							;											bit 7	 bit 6
    140 U0000		       00	   CXM0P      ds	1	; $00	     xx00 0000	     Read Collision  M0-P1   M0-P0
    141 U0001		       00	   CXM1P      ds	1	; $01	     xx00 0000			     M1-P0   M1-P1
    142 U0002		       00	   CXP0FB     ds	1	; $02	     xx00 0000			     P0-PF   P0-BL
    143 U0003		       00	   CXP1FB     ds	1	; $03	     xx00 0000			     P1-PF   P1-BL
    144 U0004		       00	   CXM0FB     ds	1	; $04	     xx00 0000			     M0-PF   M0-BL
    145 U0005		       00	   CXM1FB     ds	1	; $05	     xx00 0000			     M1-PF   M1-BL
    146 U0006		       00	   CXBLPF     ds	1	; $06	     x000 0000			     BL-PF   -----
    147 U0007		       00	   CXPPMM     ds	1	; $07	     xx00 0000			     P0-P1   M0-M1
    148 U0008		       00	   INPT0      ds	1	; $08	     x000 0000	     Read Pot Port 0
    149 U0009		       00	   INPT1      ds	1	; $09	     x000 0000	     Read Pot Port 1
    150 U000a		       00	   INPT2      ds	1	; $0A	     x000 0000	     Read Pot Port 2
    151 U000b		       00	   INPT3      ds	1	; $0B	     x000 0000	     Read Pot Port 3
    152 U000c		       00	   INPT4      ds	1	; $0C		x000 0000	 Read Input (Trigger) 0
    153 U000d		       00	   INPT5      ds	1	; $0D		x000 0000	 Read Input (Trigger) 1
    154 U000e
    155 U000e							;-------------------------------------------------------------------------------
    156 U000e
    157 U0000 ????				      SEG.U	RIOT
    158 U0280					      ORG	$280
    159 U0280
    160 U0280							; RIOT MEMORY MAP
    161 U0280
    162 U0280		       00	   SWCHA      ds	1	; $280      Port A data register for joysticks:
    163 U0281							;			Bits 4-7 for player 1.  Bits 0-3 for player 2.
    164 U0281
    165 U0281		       00	   SWACNT     ds	1	; $281      Port A data direction register (DDR)
    166 U0282		       00	   SWCHB      ds	1	; $282		Port B data (console switches)
    167 U0283		       00	   SWBCNT     ds	1	; $283      Port B DDR
    168 U0284		       00	   INTIM      ds	1	; $284		Timer output
    169 U0285
    170 U0285		       00	   TIMINT     ds	1	; $285
    171 U0286
    172 U0286							; Unused/undefined registers ($285-$294)
    173 U0286
    174 U0286		       00		      ds	1	; $286
    175 U0287		       00		      ds	1	; $287
    176 U0288		       00		      ds	1	; $288
    177 U0289		       00		      ds	1	; $289
    178 U028a		       00		      ds	1	; $28A
    179 U028b		       00		      ds	1	; $28B
    180 U028c		       00		      ds	1	; $28C
    181 U028d		       00		      ds	1	; $28D
    182 U028e		       00		      ds	1	; $28E
    183 U028f		       00		      ds	1	; $28F
    184 U0290		       00		      ds	1	; $290
    185 U0291		       00		      ds	1	; $291
    186 U0292		       00		      ds	1	; $292
    187 U0293		       00		      ds	1	; $293
    188 U0294
    189 U0294		       00	   TIM1T      ds	1	; $294		set 1 clock interval
    190 U0295		       00	   TIM8T      ds	1	; $295      set 8 clock interval
    191 U0296		       00	   TIM64T     ds	1	; $296      set 64 clock interval
    192 U0297		       00	   T1024T     ds	1	; $297      set 1024 clock interval
    193 U0298
    194 U0298							;-------------------------------------------------------------------------------
    195 U0298							; The following required for back-compatibility with code which does not use
    196 U0298							; segments.
    197 U0298
    198  0000 ????				      SEG
    199  0000 ????
    200  0000 ????						; EOF
------- FILE 8blit-s01e03-background.asm
------- FILE macro.h LEVEL 2 PASS 1
      0  0000 ????				      include	"macro.h"
      1  0000 ????						; MACRO.H
      2  0000 ????						; Version 1.09, 05/SEP/2020
      3  0000 ????
      4  0000 ????	       00 6d	   VERSION_MACRO =	109
      5  0000 ????
      6  0000 ????						;
      7  0000 ????						; THIS FILE IS EXPLICITLY SUPPORTED AS A DASM-PREFERRED COMPANION FILE
      8  0000 ????						; The latest version can be found at https://dasm-assembler.github.io/
      9  0000 ????						;
     10  0000 ????						; This file defines DASM macros useful for development for the Atari 2600.
     11  0000 ????						; It is distributed as a companion machine-specific support package
     12  0000 ????						; for the DASM compiler.
     13  0000 ????						;
     14  0000 ????						; Many thanks to the people who have contributed. If you find an issue with the
     15  0000 ????						; contents, or would like ot add something, please report as an issue at...
     16  0000 ????						; https://github.com/dasm-assembler/dasm/issues
     17  0000 ????
     18  0000 ????
     19  0000 ????						; Latest Revisions...
     20  0000 ????						; 1.09  05/SEP/2020	 - updated license/links
     21  0000 ????
     22  0000 ????						; 1.08  13/JUL/2020	 - added use of LXA to CLEAN_START
     23  0000 ????						; 1.07  19/JAN/2020	 - correction to comment VERTICAL_SYNC
     24  0000 ????						; 1.06  03/SEP/2004	 - nice revision of VERTICAL_SYNC (Edwin Blink)
     25  0000 ????						; 1.05  14/NOV/2003	 - Added VERSION_MACRO equate (which will reflect 100x version #)
     26  0000 ????						;			   This will allow conditional code to verify MACRO.H being
     27  0000 ????						;			   used for code assembly.
     28  0000 ????						; 1.04  13/NOV/2003	 - SET_POINTER macro added (16-bit address load)
     29  0000 ????						;
     30  0000 ????						; 1.03  23/JUN/2003	 - CLEAN_START macro added - clears TIA, RAM, registers
     31  0000 ????						;
     32  0000 ????						; 1.02  14/JUN/2003	 - VERTICAL_SYNC macro added
     33  0000 ????						;			   (standardised macro for vertical synch code)
     34  0000 ????						; 1.01  22/MAR/2003	 - SLEEP macro added. 
     35  0000 ????						;			 - NO_ILLEGAL_OPCODES switch implemented
     36  0000 ????						; 1.0	22/MAR/2003		Initial release
     37  0000 ????
     38  0000 ????						; Note: These macros use illegal opcodes.  To disable illegal opcode usage, 
     39  0000 ????						;   define the symbol NO_ILLEGAL_OPCODES (-DNO_ILLEGAL_OPCODES=1 on command-line).
     40  0000 ????						;   If you do not allow illegal opcode usage, you must include this file 
     41  0000 ????						;   *after* including VCS.H (as the non-illegal opcodes access hardware
     42  0000 ????						;   registers and require them to be defined first).
     43  0000 ????
     44  0000 ????						; Available macros...
     45  0000 ????						;   SLEEP n		 - sleep for n cycles
     46  0000 ????						;   VERTICAL_SYNC	 - correct 3 scanline vertical synch code
     47  0000 ????						;   CLEAN_START	 - set machine to known state on startup
     48  0000 ????						;   SET_POINTER	 - load a 16-bit absolute to a 16-bit variable
     49  0000 ????
     50  0000 ????						;-------------------------------------------------------------------------------
     51  0000 ????						; SLEEP duration
     52  0000 ????						; Original author: Thomas Jentzsch
     53  0000 ????						; Inserts code which takes the specified number of cycles to execute.	This is
     54  0000 ????						; useful for code where precise timing is required.
     55  0000 ????						; ILLEGAL-OPCODE VERSION DOES NOT AFFECT FLAGS OR REGISTERS.
     56  0000 ????						; LEGAL OPCODE VERSION MAY AFFECT FLAGS
     57  0000 ????						; Uses illegal opcode (DASM 2.20.01 onwards).
     58  0000 ????
     59  0000 ????				      MAC	sleep
     60  0000 ????			   .CYCLES    SET	{1}
     61  0000 ????
     62  0000 ????				      IF	.CYCLES < 2
     63  0000 ????				      ECHO	"MACRO ERROR: 'SLEEP': Duration must be > 1"
     64  0000 ????				      ERR
     65  0000 ????				      ENDIF
     66  0000 ????
     67  0000 ????				      IF	.CYCLES & 1
     68  0000 ????				      IFNCONST	NO_ILLEGAL_OPCODES
     69  0000 ????				      nop	0
     70  0000 ????				      ELSE
     71  0000 ????				      bit	VSYNC
     72  0000 ????				      ENDIF
     73  0000 ????			   .CYCLES    SET	.CYCLES - 3
     74  0000 ????				      ENDIF
     75  0000 ????
     76  0000 ????				      REPEAT	.CYCLES / 2
     77  0000 ????				      nop
     78  0000 ????				      REPEND
     79  0000 ????				      ENDM		;usage: SLEEP n (n>1)
     80  0000 ????
     81  0000 ????						;-------------------------------------------------------------------------------
     82  0000 ????						; VERTICAL_SYNC
     83  0000 ????						; revised version by Edwin Blink -- saves bytes!
     84  0000 ????						; Inserts the code required for a proper 3 scanline vertical sync sequence
     85  0000 ????						; Note: Alters the accumulator
     86  0000 ????
     87  0000 ????						; OUT: A = 0
     88  0000 ????
     89  0000 ????				      MAC	vertical_sync
     90  0000 ????				      lda	#%1110	; each '1' bits generate a VSYNC ON line (bits 1..3)
     91  0000 ????			   .VSLP1     sta	WSYNC	; 1st '0' bit resets Vsync, 2nd '0' bit exit loop
     92  0000 ????				      sta	VSYNC
     93  0000 ????				      lsr
     94  0000 ????				      bne	.VSLP1	; branch until VYSNC has been reset
     95  0000 ????				      ENDM
     96  0000 ????
     97  0000 ????						;-------------------------------------------------------------------------------
     98  0000 ????						; CLEAN_START
     99  0000 ????						; Original author: Andrew Davie
    100  0000 ????						; Standardised start-up code, clears stack, all TIA registers and RAM to 0
    101  0000 ????						; Sets stack pointer to $FF, and all registers to 0
    102  0000 ????						; Sets decimal mode off, sets interrupt flag (kind of un-necessary)
    103  0000 ????						; Use as very first section of code on boot (ie: at reset)
    104  0000 ????						; Code written to minimise total ROM usage - uses weird 6502 knowledge :)
    105  0000 ????
    106  0000 ????				      MAC	clean_start
    107  0000 ????				      sei
    108  0000 ????				      cld
    109  0000 ????
    110  0000 ????				      IFNCONST	NO_ILLEGAL_OPCODES
    111  0000 ????				      lxa	#0
    112  0000 ????				      ELSE
    113  0000 ????				      ldx	#0
    114  0000 ????				      txa
    115  0000 ????				      ENDIF
    116  0000 ????				      tay
    117  0000 ????			   .CLEAR_STACK dex
    118  0000 ????				      txs
    119  0000 ????				      pha
    120  0000 ????				      bne	.CLEAR_STACK	; SP=$FF, X = A = Y = 0
    121  0000 ????
    122  0000 ????				      ENDM
    123  0000 ????
    124  0000 ????						;-------------------------------------------------------
    125  0000 ????						; SET_POINTER
    126  0000 ????						; Original author: Manuel Rotschkar
    127  0000 ????						;
    128  0000 ????						; Sets a 2 byte RAM pointer to an absolute address.
    129  0000 ????						;
    130  0000 ????						; Usage: SET_POINTER pointer, address
    131  0000 ????						; Example: SET_POINTER SpritePTR, SpriteData
    132  0000 ????						;
    133  0000 ????						; Note: Alters the accumulator, NZ flags
    134  0000 ????						; IN 1: 2 byte RAM location reserved for pointer
    135  0000 ????						; IN 2: absolute address
    136  0000 ????
    137  0000 ????				      MAC	set_pointer
    138  0000 ????			   .POINTER   SET	{1}
    139  0000 ????			   .ADDRESS   SET	{2}
    140  0000 ????
    141  0000 ????				      LDA	#<.ADDRESS	; Get Lowbyte of Address
    142  0000 ????				      STA	.POINTER	; Store in pointer
    143  0000 ????				      LDA	#>.ADDRESS	; Get Hibyte of Address
    144  0000 ????				      STA	.POINTER+1	; Store in pointer+1
    145  0000 ????
    146  0000 ????				      ENDM
    147  0000 ????
    148  0000 ????						;-------------------------------------------------------
    149  0000 ????						; BOUNDARY byte#
    150  0000 ????						; Original author: Denis Debro (borrowed from Bob Smith / Thomas)
    151  0000 ????						;
    152  0000 ????						; Push data to a certain position inside a page and keep count of how
    153  0000 ????						; many free bytes the programmer will have.
    154  0000 ????						;
    155  0000 ????						; eg: BOUNDARY 5    ; position at byte #5 in page
    156  0000 ????
    157  0000 ????			   .FREE_BYTES SET	0
    158  0000 ????				      MAC	boundary
    159  0000 ????				      REPEAT	256
    160  0000 ????				      IF	<. % {1} = 0
    161  0000 ????				      MEXIT
    162  0000 ????				      ELSE
    163  0000 ????			   .FREE_BYTES SET	.FREE_BYTES + 1
    164  0000 ????				      .byte	$00
    165  0000 ????				      ENDIF
    166  0000 ????				      REPEND
    167  0000 ????				      ENDM
    168  0000 ????
    169  0000 ????
    170  0000 ????						; EOF
------- FILE 8blit-s01e03-background.asm
      5  0000 ????
      6  0000 ????						;------------------------------------------------------------------------------
      7  0000 ????				      SEG
      8  f000					      ORG	$F000
      9  f000
     10  f000				   Reset
     11  f000							; Clear RAM and all TIA registers
     12  f000		       a2 00		      ldx	#0
     13  f002		       a9 00		      lda	#0
     14  f004				   Clear
     15  f004		       95 00		      sta	0,x
     16  f006		       e8		      inx
     17  f007		       d0 fb		      bne	Clear
     18  f009
     19  f009							;------------------------------------------------
     20  f009
     21  f009				   StartOfFrame
     22  f009							; Start of new frame
     23  f009							; Start of vertical blank processing
     24  f009		       a9 00		      lda	#0
     25  f00b		       85 01		      sta	VBLANK
     26  f00d		       a9 02		      lda	#2
     27  f00f		       85 00		      sta	VSYNC
     28  f011		       85 02		      sta	WSYNC
     29  f013		       85 02		      sta	WSYNC
     30  f015		       85 02		      sta	WSYNC	; 3 scanlines of VSYNC signal
     31  f017		       a9 00		      lda	#0
     32  f019		       85 00		      sta	VSYNC
     33  f01b							;------------------------------------------------
     34  f01b							; 37 scanlines of vertical blank. . .
     35  f01b		       a2 00		      ldx	#0
     36  f01d				   VerticalBlank
     37  f01d		       85 02		      sta	WSYNC
     38  f01f		       e8		      inx
     39  f020		       e0 25		      cpx	#37
     40  f022		       d0 f9		      bne	VerticalBlank
     41  f024							;------------------------------------------------
     42  f024							;192 lines of drawfield
     43  f024		       a2 00		      ldx	#0
     44  f026				   DrawField
     45  f026
     46  f026							;This will draw the background using the value of the current scanline
     47  f026
     48  f026		       86 09		      stx	COLUBK
     49  f028
     50  f028		       85 02		      sta	WSYNC
     51  f02a
     52  f02a		       e8		      inx
     53  f02b		       e0 c0		      cpx	#192
     54  f02d		       d0 f7		      bne	DrawField
     55  f02f							;------------------------------------------------
     56  f02f							; end of screen - enter blanking
     57  f02f		       a9 42		      lda	#%01000010
     58  f031		       85 01		      sta	VBLANK
     59  f033							;------------------------------------------------
     60  f033							; 30 scanlines of overscan. . .
     61  f033		       a2 00		      ldx	#0
     62  f035				   Overscan
     63  f035		       85 02		      sta	WSYNC
     64  f037		       e8		      inx
     65  f038		       e0 1e		      cpx	#30
     66  f03a		       d0 f9		      bne	Overscan
     67  f03c		       4c 09 f0 	      jmp	StartOfFrame
     68  f03f							;------------------------------------------------
     69  f03f
     70  fffa					      ORG	$FFFA
     71  fffa
     72  fffa				   InterruptVectors
     73  fffa		       00 f0		      .word.w	Reset	; NMI
     74  fffc		       00 f0		      .word.w	Reset	; RESET
     75  fffe		       00 f0		      .word.w	Reset	; IRQ
     76  10000
     77  10000				    END
