------- FILE 8blit-s01e05-Ex0-Playfield-Box.asm LEVEL 1 PASS 1
      1  0000					      processor	6502	; -----------------------------------------------------
      2  0000 ????						; S0E5 Ex0. Draw the playfield on an Atari 2600
------- FILE vcs.h LEVEL 2 PASS 1
      0  0000 ????				      include	"vcs.h"	; This example uses the TIA PF0, PF1, PF2, and CTLRPF 
      1  0000 ????						; VCS.H
      2  0000 ????						; Version 1.06, 06/SEP/2020
      3  0000 ????
      4  0000 ????	       00 6a	   VERSION_VCS =	106
      5  0000 ????
      6  0000 ????						; THIS IS *THE* "STANDARD" VCS.H
      7  0000 ????						; THIS FILE IS EXPLICITLY SUPPORTED AS A DASM-PREFERRED COMPANION FILE
      8  0000 ????						; The latest version can be found at https://dasm-assembler.github.io/
      9  0000 ????						;
     10  0000 ????						; This file defines hardware registers and memory mapping for the
     11  0000 ????						; Atari 2600. It is distributed as a companion machine-specific support package
     12  0000 ????						; for the DASM compiler. Updates to this file, DASM, and associated tools are
     13  0000 ????						; available at at https://dasm-assembler.github.io/
     14  0000 ????						;
     15  0000 ????						; Many thanks to the people who have contributed. If you find an issue with the
     16  0000 ????						; contents, or would like ot add something, please report as an issue at...
     17  0000 ????						; https://github.com/dasm-assembler/dasm/issues
     18  0000 ????
     19  0000 ????						;
     20  0000 ????						; Latest Revisions...
     21  0000 ????						; 1.06  05/SEP/2020	 Modified header/license and links to new versions
     22  0000 ????						; 1.05  13/NOV/2003	  - Correction to 1.04 - now functions as requested by MR.
     23  0000 ????						;			  - Added VERSION_VCS equate (which will reflect 100x version #)
     24  0000 ????						;			    This will allow conditional code to verify VCS.H being
     25  0000 ????						;			    used for code assembly.
     26  0000 ????						; 1.04  12/NOV/2003	 Added TIA_BASE_WRITE_ADDRESS and TIA_BASE_READ_ADDRESS for
     27  0000 ????						;			 convenient disassembly/reassembly compatibility for hardware
     28  0000 ????						;			 mirrored reading/writing differences.	This is more a 
     29  0000 ????						;			 readability issue, and binary compatibility with disassembled
     30  0000 ????						;			 and reassembled sources.  Per Manuel Rotschkar's suggestion.
     31  0000 ????						; 1.03  12/MAY/2003	 Added SEG segment at end of file to fix old-code compatibility
     32  0000 ????						;			 which was broken by the use of segments in this file, as
     33  0000 ????						;			 reported by Manuel Polik on [stella] 11/MAY/2003
     34  0000 ????						; 1.02  22/MAR/2003	 Added TIMINT($285)
     35  0000 ????						; 1.01				Constant offset added to allow use for 3F-style bankswitching
     36  0000 ????						;						 - define TIA_BASE_ADDRESS as $40 for Tigervision carts, otherwise
     37  0000 ????						;						   it is safe to leave it undefined, and the base address will
     38  0000 ????						;						   be set to 0.  Thanks to Eckhard Stolberg for the suggestion.
     39  0000 ????						;			    Note, may use -DLABEL=EXPRESSION to define TIA_BASE_ADDRESS
     40  0000 ????						;			  - register definitions are now generated through assignment
     41  0000 ????						;			    in uninitialised segments.	This allows a changeable base
     42  0000 ????						;			    address architecture.
     43  0000 ????						; 1.0	22/MAR/2003		Initial release
     44  0000 ????
     45  0000 ????
     46  0000 ????						;-------------------------------------------------------------------------------
     47  0000 ????
     48  0000 ????						; TIA_BASE_ADDRESS
     49  0000 ????						; The TIA_BASE_ADDRESS defines the base address of access to TIA registers.
     50  0000 ????						; Normally 0, the base address should (externally, before including this file)
     51  0000 ????						; be set to $40 when creating 3F-bankswitched (and other?) cartridges.
     52  0000 ????						; The reason is that this bankswitching scheme treats any access to locations
     53  0000 ????						; < $40 as a bankswitch.
     54  0000 ????
     55  0000 ????				      IFNCONST	TIA_BASE_ADDRESS
     56  0000 ????	       00 00	   TIA_BASE_ADDRESS =	0
     57  0000 ????				      ENDIF
     58  0000 ????
     59  0000 ????						; Note: The address may be defined on the command-line using the -D switch, eg:
     60  0000 ????						; dasm.exe code.asm -DTIA_BASE_ADDRESS=$40 -f3 -v5 -ocode.bin
     61  0000 ????						; *OR* by declaring the label before including this file, eg:
     62  0000 ????						; TIA_BASE_ADDRESS = $40
     63  0000 ????						;   include "vcs.h"
     64  0000 ????
     65  0000 ????						; Alternate read/write address capability - allows for some disassembly compatibility
     66  0000 ????						; usage ; to allow reassembly to binary perfect copies).  This is essentially catering
     67  0000 ????						; for the mirrored ROM hardware registers.
     68  0000 ????
     69  0000 ????						; Usage: As per above, define the TIA_BASE_READ_ADDRESS and/or TIA_BASE_WRITE_ADDRESS
     70  0000 ????						; using the -D command-line switch, as required.  If the addresses are not defined, 
     71  0000 ????						; they defaut to the TIA_BASE_ADDRESS.
     72  0000 ????
     73  0000 ????				      IFNCONST	TIA_BASE_READ_ADDRESS
     74  0000 ????	       00 00	   TIA_BASE_READ_ADDRESS =	TIA_BASE_ADDRESS
     75  0000 ????				      ENDIF
     76  0000 ????
     77  0000 ????				      IFNCONST	TIA_BASE_WRITE_ADDRESS
     78  0000 ????	       00 00	   TIA_BASE_WRITE_ADDRESS =	TIA_BASE_ADDRESS
     79  0000 ????				      ENDIF
     80  0000 ????
     81  0000 ????						;-------------------------------------------------------------------------------
     82  0000 ????
     83 U0000 ????				      SEG.U	TIA_REGISTERS_WRITE
     84 U0000					      ORG	TIA_BASE_WRITE_ADDRESS
     85 U0000
     86 U0000							; DO NOT CHANGE THE RELATIVE ORDERING OF REGISTERS!
     87 U0000
     88 U0000		       00	   VSYNC      ds	1	; $00	 0000 00x0   Vertical Sync Set-Clear
     89 U0001		       00	   VBLANK     ds	1	; $01	 xx00 00x0   Vertical Blank Set-Clear
     90 U0002		       00	   WSYNC      ds	1	; $02	 ---- ----   Wait for Horizontal Blank
     91 U0003		       00	   RSYNC      ds	1	; $03	 ---- ----   Reset Horizontal Sync Counter
     92 U0004		       00	   NUSIZ0     ds	1	; $04	 00xx 0xxx   Number-Size player/missle 0
     93 U0005		       00	   NUSIZ1     ds	1	; $05	 00xx 0xxx   Number-Size player/missle 1
     94 U0006		       00	   COLUP0     ds	1	; $06	 xxxx xxx0   Color-Luminance Player 0
     95 U0007		       00	   COLUP1     ds	1	; $07	 xxxx xxx0   Color-Luminance Player 1
     96 U0008		       00	   COLUPF     ds	1	; $08	 xxxx xxx0   Color-Luminance Playfield
     97 U0009		       00	   COLUBK     ds	1	; $09	 xxxx xxx0   Color-Luminance Background
     98 U000a		       00	   CTRLPF     ds	1	; $0A	 00xx 0xxx   Control Playfield, Ball, Collisions
     99 U000b		       00	   REFP0      ds	1	; $0B	 0000 x000   Reflection Player 0
    100 U000c		       00	   REFP1      ds	1	; $0C	 0000 x000   Reflection Player 1
    101 U000d		       00	   PF0	      ds	1	; $0D	 xxxx 0000   Playfield Register Byte 0
    102 U000e		       00	   PF1	      ds	1	; $0E	 xxxx xxxx   Playfield Register Byte 1
    103 U000f		       00	   PF2	      ds	1	; $0F	 xxxx xxxx   Playfield Register Byte 2
    104 U0010		       00	   RESP0      ds	1	; $10	 ---- ----   Reset Player 0
    105 U0011		       00	   RESP1      ds	1	; $11	 ---- ----   Reset Player 1
    106 U0012		       00	   RESM0      ds	1	; $12	 ---- ----   Reset Missle 0
    107 U0013		       00	   RESM1      ds	1	; $13	 ---- ----   Reset Missle 1
    108 U0014		       00	   RESBL      ds	1	; $14	 ---- ----   Reset Ball
    109 U0015		       00	   AUDC0      ds	1	; $15	 0000 xxxx   Audio Control 0
    110 U0016		       00	   AUDC1      ds	1	; $16	 0000 xxxx   Audio Control 1
    111 U0017		       00	   AUDF0      ds	1	; $17	 000x xxxx   Audio Frequency 0
    112 U0018		       00	   AUDF1      ds	1	; $18	 000x xxxx   Audio Frequency 1
    113 U0019		       00	   AUDV0      ds	1	; $19	 0000 xxxx   Audio Volume 0
    114 U001a		       00	   AUDV1      ds	1	; $1A	 0000 xxxx   Audio Volume 1
    115 U001b		       00	   GRP0       ds	1	; $1B	 xxxx xxxx   Graphics Register Player 0
    116 U001c		       00	   GRP1       ds	1	; $1C	 xxxx xxxx   Graphics Register Player 1
    117 U001d		       00	   ENAM0      ds	1	; $1D	 0000 00x0   Graphics Enable Missle 0
    118 U001e		       00	   ENAM1      ds	1	; $1E	 0000 00x0   Graphics Enable Missle 1
    119 U001f		       00	   ENABL      ds	1	; $1F	 0000 00x0   Graphics Enable Ball
    120 U0020		       00	   HMP0       ds	1	; $20	 xxxx 0000   Horizontal Motion Player 0
    121 U0021		       00	   HMP1       ds	1	; $21	 xxxx 0000   Horizontal Motion Player 1
    122 U0022		       00	   HMM0       ds	1	; $22	 xxxx 0000   Horizontal Motion Missle 0
    123 U0023		       00	   HMM1       ds	1	; $23	 xxxx 0000   Horizontal Motion Missle 1
    124 U0024		       00	   HMBL       ds	1	; $24	 xxxx 0000   Horizontal Motion Ball
    125 U0025		       00	   VDELP0     ds	1	; $25	 0000 000x   Vertical Delay Player 0
    126 U0026		       00	   VDELP1     ds	1	; $26	 0000 000x   Vertical Delay Player 1
    127 U0027		       00	   VDELBL     ds	1	; $27	 0000 000x   Vertical Delay Ball
    128 U0028		       00	   RESMP0     ds	1	; $28	 0000 00x0   Reset Missle 0 to Player 0
    129 U0029		       00	   RESMP1     ds	1	; $29	 0000 00x0   Reset Missle 1 to Player 1
    130 U002a		       00	   HMOVE      ds	1	; $2A	 ---- ----   Apply Horizontal Motion
    131 U002b		       00	   HMCLR      ds	1	; $2B	 ---- ----   Clear Horizontal Move Registers
    132 U002c		       00	   CXCLR      ds	1	; $2C	 ---- ----   Clear Collision Latches
    133 U002d
    134 U002d							;-------------------------------------------------------------------------------
    135 U002d
    136 U0000 ????				      SEG.U	TIA_REGISTERS_READ
    137 U0000					      ORG	TIA_BASE_READ_ADDRESS
    138 U0000
    139 U0000							;											bit 7	 bit 6
    140 U0000		       00	   CXM0P      ds	1	; $00	     xx00 0000	     Read Collision  M0-P1   M0-P0
    141 U0001		       00	   CXM1P      ds	1	; $01	     xx00 0000			     M1-P0   M1-P1
    142 U0002		       00	   CXP0FB     ds	1	; $02	     xx00 0000			     P0-PF   P0-BL
    143 U0003		       00	   CXP1FB     ds	1	; $03	     xx00 0000			     P1-PF   P1-BL
    144 U0004		       00	   CXM0FB     ds	1	; $04	     xx00 0000			     M0-PF   M0-BL
    145 U0005		       00	   CXM1FB     ds	1	; $05	     xx00 0000			     M1-PF   M1-BL
    146 U0006		       00	   CXBLPF     ds	1	; $06	     x000 0000			     BL-PF   -----
    147 U0007		       00	   CXPPMM     ds	1	; $07	     xx00 0000			     P0-P1   M0-M1
    148 U0008		       00	   INPT0      ds	1	; $08	     x000 0000	     Read Pot Port 0
    149 U0009		       00	   INPT1      ds	1	; $09	     x000 0000	     Read Pot Port 1
    150 U000a		       00	   INPT2      ds	1	; $0A	     x000 0000	     Read Pot Port 2
    151 U000b		       00	   INPT3      ds	1	; $0B	     x000 0000	     Read Pot Port 3
    152 U000c		       00	   INPT4      ds	1	; $0C		x000 0000	 Read Input (Trigger) 0
    153 U000d		       00	   INPT5      ds	1	; $0D		x000 0000	 Read Input (Trigger) 1
    154 U000e
    155 U000e							;-------------------------------------------------------------------------------
    156 U000e
    157 U0000 ????				      SEG.U	RIOT
    158 U0280					      ORG	$280
    159 U0280
    160 U0280							; RIOT MEMORY MAP
    161 U0280
    162 U0280		       00	   SWCHA      ds	1	; $280      Port A data register for joysticks:
    163 U0281							;			Bits 4-7 for player 1.  Bits 0-3 for player 2.
    164 U0281
    165 U0281		       00	   SWACNT     ds	1	; $281      Port A data direction register (DDR)
    166 U0282		       00	   SWCHB      ds	1	; $282		Port B data (console switches)
    167 U0283		       00	   SWBCNT     ds	1	; $283      Port B DDR
    168 U0284		       00	   INTIM      ds	1	; $284		Timer output
    169 U0285
    170 U0285		       00	   TIMINT     ds	1	; $285
    171 U0286
    172 U0286							; Unused/undefined registers ($285-$294)
    173 U0286
    174 U0286		       00		      ds	1	; $286
    175 U0287		       00		      ds	1	; $287
    176 U0288		       00		      ds	1	; $288
    177 U0289		       00		      ds	1	; $289
    178 U028a		       00		      ds	1	; $28A
    179 U028b		       00		      ds	1	; $28B
    180 U028c		       00		      ds	1	; $28C
    181 U028d		       00		      ds	1	; $28D
    182 U028e		       00		      ds	1	; $28E
    183 U028f		       00		      ds	1	; $28F
    184 U0290		       00		      ds	1	; $290
    185 U0291		       00		      ds	1	; $291
    186 U0292		       00		      ds	1	; $292
    187 U0293		       00		      ds	1	; $293
    188 U0294
    189 U0294		       00	   TIM1T      ds	1	; $294		set 1 clock interval
    190 U0295		       00	   TIM8T      ds	1	; $295      set 8 clock interval
    191 U0296		       00	   TIM64T     ds	1	; $296      set 64 clock interval
    192 U0297		       00	   T1024T     ds	1	; $297      set 1024 clock interval
    193 U0298
    194 U0298							;-------------------------------------------------------------------------------
    195 U0298							; The following required for back-compatibility with code which does not use
    196 U0298							; segments.
    197 U0298
    198  0000 ????				      SEG
    199  0000 ????
    200  0000 ????						; EOF
------- FILE 8blit-s01e05-Ex0-Playfield-Box.asm
      4  0000 ????						; Registers to draw a in the safe visual area of the screen, using the 
      5  0000 ????						; generally recommending number of VBLANK's
      6  0000 ????						;
      7  0000 ????						; Subscribe to 8Blit to join in.
      8  0000 ????						; https://www.youtube.com/channel/UCpon_anEIMQ-pPLDskYsSvQ
      9  0000 ????
     10  0000 ????	       00 a2	   PFCOLOR    equ	#$A2
     11  0000 ????
     12  0000 ????						; ------------------------- Start of main segment ---------------------------------
     13  0000 ????
     14  0000 ????				      seg	main
     15  f000					      org	$F000
     16  f000
     17  f000							; ------------------------- Start of program execution ----------------------------
     18  f000
     19  f000		       a2 00	   reset      ldx	#0	; Clear RAM and all TIA registers
     20  f002		       a9 00		      lda	#0
     21  f004
     22  f004		       95 00	   clear      sta	0,x	; $0 to $7F (0-127) reserved OS page zero, $80 to $FF (128-255) user zero page ram.
     23  f006		       e8		      inx
     24  f007		       d0 fb		      bne	clear
     25  f009
     26  f009		       a9 01		      lda	#%00000001	; Set D0 to reflect the playfield
     27  f00b		       85 0a		      sta	CTRLPF	; Apply to the CTRLPF register
     28  f00d
     29  f00d		       a9 a2		      lda	#PFCOLOR
     30  f00f		       85 08		      sta	COLUPF	; Set the PF color
     31  f011
     32  f011							; --------------------------- Begin main loop -------------------------------------
     33  f011
     34  f011				   startframe		; ------- 76543210 ---------- Bit order
     35  f011		       a9 02		      lda	#%00000010	; Writing a bit into the D1 vsync latch
     36  f013		       85 00		      sta	VSYNC
     37  f015
     38  f015							; --------------------------- 3 scanlines of VSYNC signal
     39  f015		       85 02		      sta	WSYNC
     40  f017		       85 02		      sta	WSYNC
     41  f019		       85 02		      sta	WSYNC
     42  f01b
     43  f01b							; --------------------------- Turn off VSYNC		 
     44  f01b		       a9 00		      lda	#0
     45  f01d		       85 00		      sta	VSYNC
     46  f01f
     47  f01f							; -------------------------- Additional 37 scanlines of vertical blank ------------
     48  f01f
     49  f01f		       a2 00		      ldx	#0
     50  f021		       85 02	   lvblank    sta	WSYNC
     51  f023		       e8		      inx
     52  f024		       e0 25		      cpx	#37	; 37 scanlines of vertical blank
     53  f026		       d0 f9		      bne	lvblank
     54  f028
     55  f028							; --------------------------- 192 lines of drawfield ------------------------------
     56  f028
     57  f028		       a2 00		      ldx	#0
     58  f02a		       a9 ff	   drawfield  lda	#%11111111	; Solid row of pixels for all PF# registers
     59  f02c		       85 0d		      sta	PF0
     60  f02e		       85 0e		      sta	PF1
     61  f030		       85 0f		      sta	PF2
     62  f032
     63  f032		       85 02		      sta	WSYNC
     64  f034		       e8		      inx
     65  f035		       e0 c0		      cpx	#192
     66  f037		       d0 f1		      bne	drawfield
     67  f039
     68  f039							; -------------------------- 30 scanlines of overscan -----------------------------
     69  f039		       a9 00		      lda	#%00000000
     70  f03b		       85 0d		      sta	PF0
     71  f03d		       85 0e		      sta	PF1
     72  f03f		       85 0f		      sta	PF2
     73  f041
     74  f041		       a2 00		      ldx	#0
     75  f043		       85 02	   overscan   sta	WSYNC
     76  f045		       e8		      inx
     77  f046		       e0 1e		      cpx	#30
     78  f048		       d0 f9		      bne	overscan
     79  f04a
     80  f04a							; --------------------------- End of overscan -------------------------------------
     81  f04a
     82  f04a		       4c 11 f0 	      jmp	startframe	; jump back up to start the next frame
     83  f04d
     84  f04d							; --------------------------- Pad until end of main segment -----------------------
     85  f04d
     86  fffa					      org	$FFFA
     87  fffa
     88  fffa				   irqvectors
     89  fffa		       00 f0		      .word.w	reset	; NMI
     90  fffc		       00 f0		      .word.w	reset	; RESET
     91  fffe		       00 f0		      .word.w	reset	; IRQ
     92  10000
     93  10000							; -------------------------- End of main segment ----------------------------------
